<?xml version="1.0" encoding="UTF-8"?>
<!-- Generated by org.testng.reporters.JUnitXMLReporter -->
<testsuite hostname="vijayp" name="Test" tests="65" failures="2" timestamp="8 Jan 2018 11:16:46 GMT" time="2057.055" errors="0">
  <testcase name="addceo" time="41.084" classname="HR.AddCEO"/>
  <testcase name="genoffltr" time="19.305" classname="HR.offerletter"/>
  <testcase name="genoffltr" time="19.79" classname="HR.offerletter"/>
  <testcase name="genoffltr" time="19.877" classname="HR.offerletter"/>
  <testcase name="genoffltr" time="19.486" classname="HR.offerletter"/>
  <testcase name="genoffltr" time="19.412" classname="HR.offerletter"/>
  <testcase name="genoffltr" time="19.396" classname="HR.offerletter"/>
  <testcase name="genoffltr" time="19.576" classname="HR.offerletter"/>
  <testcase name="genoffltr" time="40.142" classname="HR.offerletter"/>
  <testcase name="genoffltr" time="19.425" classname="HR.offerletter"/>
  <testcase name="genoffltr" time="19.908" classname="HR.offerletter"/>
  <testcase name="genoffltr" time="19.536" classname="HR.offerletter"/>
  <testcase name="genoffltr" time="19.556" classname="HR.offerletter"/>
  <testcase name="hres" time="40.387" classname="HR.AddEmp"/>
  <testcase name="hres" time="40.406" classname="HR.AddEmp"/>
  <testcase name="hres" time="40.693" classname="HR.AddEmp"/>
  <testcase name="hres" time="40.383" classname="HR.AddEmp"/>
  <testcase name="hres" time="41.086" classname="HR.AddEmp"/>
  <testcase name="hres" time="41.063" classname="HR.AddEmp"/>
  <testcase name="hres" time="40.529" classname="HR.AddEmp"/>
  <testcase name="hres" time="42.106" classname="HR.AddEmp"/>
  <testcase name="hres" time="40.563" classname="HR.AddEmp"/>
  <testcase name="hres" time="40.023" classname="HR.AddEmp"/>
  <testcase name="hres" time="46.116" classname="HR.AddEmp"/>
  <testcase name="hres" time="41.42" classname="HR.AddEmp"/>
  <testcase name="editemp" time="8.934" classname="HR.EditEmp">
    <failure type="org.openqa.selenium.InvalidElementStateException" message="invalid element state: Element is not currently interactable and may not be manipulated
  (Session info: chrome=63.0.3239.132)
  (Driver info: chromedriver=2.34.522940 (1a76f96f66e3ca7b8e57d503b4dd3bccfba87af1),platform=Windows NT 6.1.7601 SP1 x86_64) (WARNING: The server did not provide any stacktrace information)
Command duration or timeout: 73 milliseconds
Build info: version: &amp;apos;2.53.1&amp;apos;, revision: &amp;apos;a36b8b1&amp;apos;, time: &amp;apos;2016-06-30 17:37:09&amp;apos;
System info: host: &amp;apos;vijayp&amp;apos;, ip: &amp;apos;192.168.1.91&amp;apos;, os.name: &amp;apos;Windows 7&amp;apos;, os.arch: &amp;apos;amd64&amp;apos;, os.version: &amp;apos;6.1&amp;apos;, java.version: &amp;apos;1.8.0_05&amp;apos;
Driver info: org.openqa.selenium.chrome.ChromeDriver
Capabilities [{applicationCacheEnabled=false, rotatable=false, mobileEmulationEnabled=false, networkConnectionEnabled=false, chrome={chromedriverVersion=2.34.522940 (1a76f96f66e3ca7b8e57d503b4dd3bccfba87af1), userDataDir=C:\Windows\TEMP\scoped_dir7140_11925}, takesHeapSnapshot=true, pageLoadStrategy=normal, databaseEnabled=false, handlesAlerts=true, hasTouchScreen=false, version=63.0.3239.132, platform=XP, browserConnectionEnabled=false, nativeEvents=true, acceptSslCerts=true, locationContextEnabled=true, webStorageEnabled=true, browserName=chrome, takesScreenshot=true, javascriptEnabled=true, cssSelectorsEnabled=true, setWindowRect=true, unexpectedAlertBehaviour=}]
Session ID: 4db3efc6dcd689e04b1d527151e7dfff">
      <![CDATA[org.openqa.selenium.InvalidElementStateException: invalid element state: Element is not currently interactable and may not be manipulated
  (Session info: chrome=63.0.3239.132)
  (Driver info: chromedriver=2.34.522940 (1a76f96f66e3ca7b8e57d503b4dd3bccfba87af1),platform=Windows NT 6.1.7601 SP1 x86_64) (WARNING: The server did not provide any stacktrace information)
Command duration or timeout: 73 milliseconds
Build info: version: '2.53.1', revision: 'a36b8b1', time: '2016-06-30 17:37:09'
System info: host: 'vijayp', ip: '192.168.1.91', os.name: 'Windows 7', os.arch: 'amd64', os.version: '6.1', java.version: '1.8.0_05'
Driver info: org.openqa.selenium.chrome.ChromeDriver
Capabilities [{applicationCacheEnabled=false, rotatable=false, mobileEmulationEnabled=false, networkConnectionEnabled=false, chrome={chromedriverVersion=2.34.522940 (1a76f96f66e3ca7b8e57d503b4dd3bccfba87af1), userDataDir=C:\Windows\TEMP\scoped_dir7140_11925}, takesHeapSnapshot=true, pageLoadStrategy=normal, databaseEnabled=false, handlesAlerts=true, hasTouchScreen=false, version=63.0.3239.132, platform=XP, browserConnectionEnabled=false, nativeEvents=true, acceptSslCerts=true, locationContextEnabled=true, webStorageEnabled=true, browserName=chrome, takesScreenshot=true, javascriptEnabled=true, cssSelectorsEnabled=true, setWindowRect=true, unexpectedAlertBehaviour=}]
Session ID: 4db3efc6dcd689e04b1d527151e7dfff
	at sun.reflect.NativeConstructorAccessorImpl.newInstance0(Native Method)
	at sun.reflect.NativeConstructorAccessorImpl.newInstance(NativeConstructorAccessorImpl.java:62)
	at sun.reflect.DelegatingConstructorAccessorImpl.newInstance(DelegatingConstructorAccessorImpl.java:45)
	at java.lang.reflect.Constructor.newInstance(Constructor.java:408)
	at org.openqa.selenium.remote.ErrorHandler.createThrowable(ErrorHandler.java:206)
	at org.openqa.selenium.remote.ErrorHandler.throwIfResponseFailed(ErrorHandler.java:158)
	at org.openqa.selenium.remote.RemoteWebDriver.execute(RemoteWebDriver.java:678)
	at org.openqa.selenium.remote.RemoteWebElement.execute(RemoteWebElement.java:327)
	at org.openqa.selenium.remote.RemoteWebElement.clear(RemoteWebElement.java:140)
	at HR.EditEmp.editemp(EditEmp.java:29)
	at sun.reflect.NativeMethodAccessorImpl.invoke0(Native Method)
	at sun.reflect.NativeMethodAccessorImpl.invoke(NativeMethodAccessorImpl.java:62)
	at sun.reflect.DelegatingMethodAccessorImpl.invoke(DelegatingMethodAccessorImpl.java:43)
	at java.lang.reflect.Method.invoke(Method.java:483)
	at org.testng.internal.MethodInvocationHelper.invokeMethod(MethodInvocationHelper.java:85)
	at org.testng.internal.Invoker.invokeMethod(Invoker.java:639)
	at org.testng.internal.Invoker.invokeTestMethod(Invoker.java:816)
	at org.testng.internal.Invoker.invokeTestMethods(Invoker.java:1124)
	at org.testng.internal.TestMethodWorker.invokeTestMethods(TestMethodWorker.java:125)
	at org.testng.internal.TestMethodWorker.run(TestMethodWorker.java:108)
	at org.testng.TestRunner.privateRun(TestRunner.java:774)
	at org.testng.TestRunner.run(TestRunner.java:624)
	at org.testng.SuiteRunner.runTest(SuiteRunner.java:359)
	at org.testng.SuiteRunner.runSequentially(SuiteRunner.java:354)
	at org.testng.SuiteRunner.privateRun(SuiteRunner.java:312)
	at org.testng.SuiteRunner.run(SuiteRunner.java:261)
	at org.testng.SuiteRunnerWorker.runSuite(SuiteRunnerWorker.java:52)
	at org.testng.SuiteRunnerWorker.run(SuiteRunnerWorker.java:86)
	at org.testng.TestNG.runSuitesSequentially(TestNG.java:1215)
	at org.testng.TestNG.runSuitesLocally(TestNG.java:1140)
	at org.testng.TestNG.run(TestNG.java:1048)
	at org.testng.TestNG.privateMain(TestNG.java:1355)
	at org.testng.TestNG.main(TestNG.java:1324)
]]>
    </failure>
  </testcase> <!-- editemp -->
  <testcase name="doLoginTest" time="13.558" classname="HR.MultLogin"/>
  <testcase name="doLoginTest" time="13.422" classname="HR.MultLogin"/>
  <testcase name="doLoginTest" time="13.917" classname="HR.MultLogin"/>
  <testcase name="doLoginTest" time="13.758" classname="HR.MultLogin"/>
  <testcase name="doLoginTest" time="13.699" classname="HR.MultLogin"/>
  <testcase name="doLoginTest" time="13.6" classname="HR.MultLogin"/>
  <testcase name="doLoginTest" time="13.423" classname="HR.MultLogin"/>
  <testcase name="doLoginTest" time="13.577" classname="HR.MultLogin"/>
  <testcase name="doLoginTest" time="13.614" classname="HR.MultLogin"/>
  <testcase name="doLoginTest" time="13.169" classname="HR.MultLogin"/>
  <testcase name="doLoginTest" time="13.594" classname="HR.MultLogin"/>
  <testcase name="doLoginTest" time="13.587" classname="HR.MultLogin"/>
  <testcase name="newcrrs" time="26.305" classname="Frontdesk.couriers"/>
  <testcase name="newcrrs" time="25.074" classname="Frontdesk.couriers"/>
  <testcase name="newcrrs" time="25.179" classname="Frontdesk.couriers"/>
  <testcase name="newcrrs" time="25.874" classname="Frontdesk.couriers"/>
  <testcase name="newledgr" time="16.627" classname="Accounts.NewLedger"/>
  <testcase name="newledgr" time="16.921" classname="Accounts.NewLedger"/>
  <testcase name="newledgr" time="19.822" classname="Accounts.NewLedger"/>
  <testcase name="newledgr" time="17.371" classname="Accounts.NewLedger"/>
  <testcase name="newledgr" time="16.389" classname="Accounts.NewLedger"/>
  <testcase name="updledg" time="7.884" classname="Accounts.UpdateLedger">
    <failure type="org.openqa.selenium.InvalidElementStateException" message="invalid element state: Element is not currently interactable and may not be manipulated
  (Session info: chrome=63.0.3239.132)
  (Driver info: chromedriver=2.34.522940 (1a76f96f66e3ca7b8e57d503b4dd3bccfba87af1),platform=Windows NT 6.1.7601 SP1 x86_64) (WARNING: The server did not provide any stacktrace information)
Command duration or timeout: 44 milliseconds
Build info: version: &amp;apos;2.53.1&amp;apos;, revision: &amp;apos;a36b8b1&amp;apos;, time: &amp;apos;2016-06-30 17:37:09&amp;apos;
System info: host: &amp;apos;vijayp&amp;apos;, ip: &amp;apos;192.168.1.91&amp;apos;, os.name: &amp;apos;Windows 7&amp;apos;, os.arch: &amp;apos;amd64&amp;apos;, os.version: &amp;apos;6.1&amp;apos;, java.version: &amp;apos;1.8.0_05&amp;apos;
Driver info: org.openqa.selenium.chrome.ChromeDriver
Capabilities [{applicationCacheEnabled=false, rotatable=false, mobileEmulationEnabled=false, networkConnectionEnabled=false, chrome={chromedriverVersion=2.34.522940 (1a76f96f66e3ca7b8e57d503b4dd3bccfba87af1), userDataDir=C:\Windows\TEMP\scoped_dir4480_3944}, takesHeapSnapshot=true, pageLoadStrategy=normal, databaseEnabled=false, handlesAlerts=true, hasTouchScreen=false, version=63.0.3239.132, platform=XP, browserConnectionEnabled=false, nativeEvents=true, acceptSslCerts=true, locationContextEnabled=true, webStorageEnabled=true, browserName=chrome, takesScreenshot=true, javascriptEnabled=true, cssSelectorsEnabled=true, setWindowRect=true, unexpectedAlertBehaviour=}]
Session ID: ada89e14ea735efce2c2aac834ffdc46">
      <![CDATA[org.openqa.selenium.InvalidElementStateException: invalid element state: Element is not currently interactable and may not be manipulated
  (Session info: chrome=63.0.3239.132)
  (Driver info: chromedriver=2.34.522940 (1a76f96f66e3ca7b8e57d503b4dd3bccfba87af1),platform=Windows NT 6.1.7601 SP1 x86_64) (WARNING: The server did not provide any stacktrace information)
Command duration or timeout: 44 milliseconds
Build info: version: '2.53.1', revision: 'a36b8b1', time: '2016-06-30 17:37:09'
System info: host: 'vijayp', ip: '192.168.1.91', os.name: 'Windows 7', os.arch: 'amd64', os.version: '6.1', java.version: '1.8.0_05'
Driver info: org.openqa.selenium.chrome.ChromeDriver
Capabilities [{applicationCacheEnabled=false, rotatable=false, mobileEmulationEnabled=false, networkConnectionEnabled=false, chrome={chromedriverVersion=2.34.522940 (1a76f96f66e3ca7b8e57d503b4dd3bccfba87af1), userDataDir=C:\Windows\TEMP\scoped_dir4480_3944}, takesHeapSnapshot=true, pageLoadStrategy=normal, databaseEnabled=false, handlesAlerts=true, hasTouchScreen=false, version=63.0.3239.132, platform=XP, browserConnectionEnabled=false, nativeEvents=true, acceptSslCerts=true, locationContextEnabled=true, webStorageEnabled=true, browserName=chrome, takesScreenshot=true, javascriptEnabled=true, cssSelectorsEnabled=true, setWindowRect=true, unexpectedAlertBehaviour=}]
Session ID: ada89e14ea735efce2c2aac834ffdc46
	at sun.reflect.NativeConstructorAccessorImpl.newInstance0(Native Method)
	at sun.reflect.NativeConstructorAccessorImpl.newInstance(NativeConstructorAccessorImpl.java:62)
	at sun.reflect.DelegatingConstructorAccessorImpl.newInstance(DelegatingConstructorAccessorImpl.java:45)
	at java.lang.reflect.Constructor.newInstance(Constructor.java:408)
	at org.openqa.selenium.remote.ErrorHandler.createThrowable(ErrorHandler.java:206)
	at org.openqa.selenium.remote.ErrorHandler.throwIfResponseFailed(ErrorHandler.java:158)
	at org.openqa.selenium.remote.RemoteWebDriver.execute(RemoteWebDriver.java:678)
	at org.openqa.selenium.remote.RemoteWebElement.execute(RemoteWebElement.java:327)
	at org.openqa.selenium.remote.RemoteWebElement.clear(RemoteWebElement.java:140)
	at Accounts.UpdateLedger.updledg(UpdateLedger.java:26)
	at sun.reflect.NativeMethodAccessorImpl.invoke0(Native Method)
	at sun.reflect.NativeMethodAccessorImpl.invoke(NativeMethodAccessorImpl.java:62)
	at sun.reflect.DelegatingMethodAccessorImpl.invoke(DelegatingMethodAccessorImpl.java:43)
	at java.lang.reflect.Method.invoke(Method.java:483)
	at org.testng.internal.MethodInvocationHelper.invokeMethod(MethodInvocationHelper.java:85)
	at org.testng.internal.Invoker.invokeMethod(Invoker.java:639)
	at org.testng.internal.Invoker.invokeTestMethod(Invoker.java:816)
	at org.testng.internal.Invoker.invokeTestMethods(Invoker.java:1124)
	at org.testng.internal.TestMethodWorker.invokeTestMethods(TestMethodWorker.java:125)
	at org.testng.internal.TestMethodWorker.run(TestMethodWorker.java:108)
	at org.testng.TestRunner.privateRun(TestRunner.java:774)
	at org.testng.TestRunner.run(TestRunner.java:624)
	at org.testng.SuiteRunner.runTest(SuiteRunner.java:359)
	at org.testng.SuiteRunner.runSequentially(SuiteRunner.java:354)
	at org.testng.SuiteRunner.privateRun(SuiteRunner.java:312)
	at org.testng.SuiteRunner.run(SuiteRunner.java:261)
	at org.testng.SuiteRunnerWorker.runSuite(SuiteRunnerWorker.java:52)
	at org.testng.SuiteRunnerWorker.run(SuiteRunnerWorker.java:86)
	at org.testng.TestNG.runSuitesSequentially(TestNG.java:1215)
	at org.testng.TestNG.runSuitesLocally(TestNG.java:1140)
	at org.testng.TestNG.run(TestNG.java:1048)
	at org.testng.TestNG.privateMain(TestNG.java:1355)
	at org.testng.TestNG.main(TestNG.java:1324)
]]>
    </failure>
  </testcase> <!-- updledg -->
  <testcase name="accEntry" time="17.806" classname="Accounts.AccountEntry"/>
  <testcase name="accEntry" time="17.796" classname="Accounts.AccountEntry"/>
  <testcase name="accEntry" time="17.509" classname="Accounts.AccountEntry"/>
  <testcase name="accEntry" time="18.028" classname="Accounts.AccountEntry"/>
  <testcase name="accEntry" time="17.965" classname="Accounts.AccountEntry"/>
  <testcase name="accEntry" time="17.387" classname="Accounts.AccountEntry"/>
  <testcase name="accEntry" time="17.005" classname="Accounts.AccountEntry"/>
  <testcase name="accEntry" time="17.487" classname="Accounts.AccountEntry"/>
  <testcase name="multaccentry1" time="36.68" classname="Accounts.MultAccEntry"/>
  <testcase name="NewVendor" time="26.711" classname="Purchase.Vendors"/>
  <testcase name="NewVendor" time="27.065" classname="Purchase.Vendors"/>
  <testcase name="NewVendor" time="26.627" classname="Purchase.Vendors"/>
  <testcase name="NewVendor" time="26.974" classname="Purchase.Vendors"/>
  <testcase name="newpartentry" time="20.063" classname="Purchase.PartEntry"/>
  <testcase name="newpartentry" time="20.268" classname="Purchase.PartEntry"/>
  <testcase name="newpartentry" time="19.94" classname="Purchase.PartEntry"/>
  <testcase name="newpartentry" time="19.969" classname="Purchase.PartEntry"/>
</testsuite> <!-- Test -->
